build/app/outputs/mapping/release/seeds.txt
com.example.aziz_invoice.MainActivity
com.example.aziz_invoice.MainActivity: MainActivity()
...
io.flutter.plugin.editing.ImeSyncDeferringInsetsCallback: io.flutter.plugin.editing.ImeSyncDeferringInsetsCallback$AnimationCallback animationCallback
androidx.window.embedding.SplitPlaceholderRule: android.content.Intent placeholderIntent
androidx.window.embedding.SplitPairFilter: java.lang.String secondaryActivityIntentAction
androidx.window.layout.FoldingFeature$Orientation: androidx.window.layout.FoldingFeature$Orientation$Companion Companion
androidx.window.core.Bounds: int bottom
androidx.window.R$styleable: int SplitPlaceholderRule_placeholderActivityName
kotlinx.coroutines.android.AndroidExceptionPreHandler: java.lang.Object _preHandler
io.flutter.embedding.engine.renderer.FlutterRenderer$ImageReaderSurfaceProducer: boolean ignoringFence
androidx.window.R$attr: int placeholderActivityName
io.flutter.plugin.editing.ImeSyncDeferringInsetsCallback: android.view.WindowInsets lastWindowInsets
androidx.window.layout.WindowInfoTrackerImpl$windowLayoutInfo$1: androidx.window.layout.WindowInfoTrackerImpl this$0
io.flutter.plugin.editing.ImeSyncDeferringInsetsCallback: boolean animating
io.flutter.embedding.engine.FlutterOverlaySurface: int id
androidx.window.embedding.SplitController: java.util.concurrent.locks.ReentrantLock globalLock
kotlinx.coroutines.EventLoopImplBase: java.lang.Object _queue
androidx.window.R$styleable: int SplitPlaceholderRule_splitMinSmallestWidth
androidx.window.R$id: int ltr
androidx.window.layout.WindowInfoTrackerImpl$windowLayoutInfo$1: int label
io.flutter.embedding.engine.renderer.FlutterRenderer$ImageReaderSurfaceProducer: android.media.ImageReader$OnImageAvailableListener onImageAvailableListener
androidx.window.embedding.ActivityFilter: java.lang.String intentAction
androidx.core.view.ViewCompat$Api28Impl: void addOnUnhandledKeyEventListener(android.view.View,androidx.core.view.ViewCompat$OnUnhandledKeyEventListenerCompat)
io.flutter.embedding.engine.FlutterJNI: void setRefreshRateFPS(float)
io.flutter.view.AccessibilityViewEmbedder: android.view.View platformViewOfNode(int)
io.flutter.embedding.engine.FlutterJNI: void onSurfaceDestroyed()
androidx.window.layout.HardwareFoldingFeature: boolean equals(java.lang.Object)
kotlinx.coroutines.channels.Send: Send()
kotlin.collections.IntIterator: IntIterator()
androidx.window.java.layout.WindowInfoTrackerCallbackAdapter$addListener$1$1: kotlin.coroutines.Continuation create(java.lang.Object,kotlin.coroutines.Continuation)
io.flutter.embedding.engine.mutatorsstack.FlutterMutatorsStack: java.util.List getMutators()
androidx.core.view.ViewCompat$Api21Impl: void setOnApplyWindowInsetsListener(android.view.View,androidx.core.view.OnApplyWindowInsetsListener)
io.flutter.embedding.android.FlutterView: void setVisibility(int)
io.flutter.embedding.engine.renderer.SurfaceTextureWrapper: void getTransformMatrix(float[])
androidx.window.embedding.SplitPairFilter: boolean matchesActivityIntentPair(android.app.Activity,android.content.Intent)
androidx.window.embedding.SplitInfo: boolean contains(android.app.Activity)
androidx.window.layout.SidecarCompat$TranslatingCallback: void onDeviceStateChanged(androidx.window.sidecar.SidecarDeviceState)
io.flutter.view.AccessibilityBridge$StringAttribute: AccessibilityBridge$StringAttribute()
io.flutter.view.TextureRegistry$SurfaceProducer: void release()
io.flutter.plugin.platform.SingleViewPresentation: io.flutter.plugin.platform.SingleViewPresentation$PresentationState detachState()
kotlin.coroutines.jvm.internal.BaseContinuationImpl: void releaseIntercepted()
androidx.window.embedding.SplitPairFilter: int hashCode()
io.flutter.plugins.imagepicker.ImagePickerDelegate$CameraDevice: io.flutter.plugins.imagepicker.ImagePickerDelegate$CameraDevice[] values()
io.flutter.plugins.imagepicker.ImagePickerCache$CacheType: io.flutter.plugins.imagepicker.ImagePickerCache$CacheType valueOf(java.lang.String)