build/app/outputs/mapping/release/mapping.txt
# compiler: R8
# compiler_version: 3.3.70
# min_api: 19
# common_typos_disable
# {"id":"com.android.tools.r8.mapping","version":"2.0"}
# pg_map_id: 076f663
# pg_map_hash: SHA-256 076f663afa047f888a57cc908b70681bf3ac6dc68244852ee0c5d491a1a70402
...
io.flutter.embedding.android.KeyEmbedderResponder -> io.flutter.embedding.android.a0:
    io.flutter.plugin.common.BinaryMessenger messenger -> a
    java.util.HashMap pressingRecords -> b
    io.flutter.embedding.android.KeyboardManager$CharacterCombiner characterCombiner -> d
    java.util.HashMap togglingGoals -> c
    void handleEvent(android.view.KeyEvent,io.flutter.embedding.android.KeyboardManager$Responder$OnKeyEventHandledCallback) -> a
    void $r8$lambda$Usbaa64Go-Inz_pnHu4Hlllp4NQ(io.flutter.embedding.android.KeyEmbedderResponder,io.flutter.embedding.android.KeyboardMap$KeyPair,android.view.KeyEvent) -> b
      # {"id":"com.android.tools.r8.synthesized"}
    void $r8$lambda$VKF-feFqVV2c2diHOYJl9TFRWNI(io.flutter.embedding.android.KeyboardManager$Responder$OnKeyEventHandledCallback,java.nio.ByteBuffer) -> c
      # {"id":"com.android.tools.r8.synthesized"}
    void $r8$lambda$u49qZcV7pBZIuZzpJy2XDxE4ka4(io.flutter.embedding.android.KeyEmbedderResponder,io.flutter.embedding.android.KeyboardMap$KeyPair,long,android.view.KeyEvent) -> d
      # {"id":"com.android.tools.r8.synthesized"}
    io.flutter.embedding.android.KeyData$Type getEventType(android.view.KeyEvent) -> e
    java.lang.Long getLogicalKey(android.view.KeyEvent) -> f
    java.lang.Long getPhysicalKey(android.view.KeyEvent) -> g
    java.util.Map getPressedState() -> h
    boolean handleEventImpl(android.view.KeyEvent,io.flutter.embedding.android.KeyboardManager$Responder$OnKeyEventHandledCallback) -> i
io.flutter.embedding.android.KeyEmbedderResponder$$ExternalSyntheticLambda0 -> io.flutter.embedding.android.x:
# {"id":"sourceFile","fileName":"R8$$SyntheticClass"}
# {"id":"com.android.tools.r8.synthesized"}
    io.flutter.embedding.android.KeyboardManager$Responder$OnKeyEventHandledCallback io.flutter.embedding.android.KeyEmbedderResponder$$InternalSyntheticLambda$1$6507d676e68eca9658ab3e3290a65055cc36dddf2daa4d3e93e689f917200d2b$0.f$0 -> a
    void io.flutter.embedding.android.KeyEmbedderResponder$$InternalSyntheticLambda$1$6507d676e68eca9658ab3e3290a65055cc36dddf2daa4d3e93e689f917200d2b$0.<init>(io.flutter.embedding.android.KeyboardManager$Responder$OnKeyEventHandledCallback) -> <init>
      # {"id":"com.android.tools.r8.synthesized"}
    void io.flutter.embedding.android.KeyEmbedderResponder$$InternalSyntheticLambda$1$6507d676e68eca9658ab3e3290a65055cc36dddf2daa4d3e93e689f917200d2b$0.reply(java.nio.ByteBuffer) -> a
      # {"id":"com.android.tools.r8.synthesized"}
io.flutter.embedding.android.KeyEmbedderResponder$$ExternalSyntheticLambda1 -> io.flutter.embedding.android.y:
# {"id":"sourceFile","fileName":"R8$$SyntheticClass"}
# {"id":"com.android.tools.r8.synthesized"}
    io.flutter.embedding.android.KeyboardMap$KeyPair io.flutter.embedding.android.KeyEmbedderResponder$$InternalSyntheticLambda$1$b443f1685234fb1a1fec61ee582d5e8ff9a32d81e104782d09b7b851ae380117$0.f$1 -> e
    long io.flutter.embedding.android.KeyEmbedderResponder$$InternalSyntheticLambda$1$b443f1685234fb1a1fec61ee582d5e8ff9a32d81e104782d09b7b851ae380117$0.f$2 -> f
    io.flutter.embedding.android.KeyEmbedderResponder io.flutter.embedding.android.KeyEmbedderResponder$$InternalSyntheticLambda$1$b443f1685234fb1a1fec61ee582d5e8ff9a32d81e104782d09b7b851ae380117$0.f$0 -> d
    android.view.KeyEvent io.flutter.embedding.android.KeyEmbedderResponder$$InternalSyntheticLambda$1$b443f1685234fb1a1fec61ee582d5e8ff9a32d81e104782d09b7b851ae380117$0.f$3 -> g
    void io.flutter.embedding.android.KeyEmbedderResponder$$InternalSyntheticLambda$1$b443f1685234fb1a1fec61ee582d5e8ff9a32d81e104782d09b7b851ae380117$0.<init>(io.flutter.embedding.android.KeyEmbedderResponder,io.flutter.embedding.android.KeyboardMap$KeyPair,long,android.view.KeyEvent) -> <init>
      # {"id":"com.android.tools.r8.synthesized"}
    void io.flutter.embedding.android.KeyEmbedderResponder$$InternalSyntheticLambda$1$b443f1685234fb1a1fec61ee582d5e8ff9a32d81e104782d09b7b851ae380117$0.run() -> run