build/app/outputs/mapping/release/usage.txt
com.example.aziz_invoice.BuildConfig
com.example.aziz_invoice.R$attr
com.example.aziz_invoice.R$color
com.example.aziz_invoice.R$dimen
com.example.aziz_invoice.R$drawable
com.example.aziz_invoice.R$id
com.example.aziz_invoice.R$integer
com.example.aziz_invoice.R$layout
com.example.aziz_invoice.R$mipmap
com.example.aziz_invoice.R$string
com.example.aziz_invoice.R$style
com.example.aziz_invoice.R$styleable
com.example.aziz_invoice.R$xml
com.example.aziz_invoice.R
...
androidx.viewpager.widget.ViewPager$3
androidx.viewpager.widget.ViewPager$4
androidx.viewpager.widget.ViewPager$DecorView
androidx.viewpager.widget.ViewPager$ItemInfo
androidx.viewpager.widget.ViewPager$LayoutParams
androidx.viewpager.widget.ViewPager$MyAccessibilityDelegate
androidx.viewpager.widget.ViewPager$OnAdapterChangeListener
androidx.viewpager.widget.ViewPager$OnPageChangeListener
androidx.viewpager.widget.ViewPager$PageTransformer
androidx.viewpager.widget.ViewPager$PagerObserver
androidx.viewpager.widget.ViewPager$SavedState$1
androidx.viewpager.widget.ViewPager$SavedState
androidx.viewpager.widget.ViewPager$SimpleOnPageChangeListener
androidx.viewpager.widget.ViewPager$ViewPositionComparator
androidx.viewpager.widget.ViewPager
com.baseflow.permissionhandler.BuildConfig
com.baseflow.permissionhandler.PermissionConstants$PermissionGroup
com.baseflow.permissionhandler.PermissionConstants$PermissionStatus
com.baseflow.permissionhandler.PermissionConstants$ServiceStatus
com.baseflow.permissionhandler.PermissionConstants
com.baseflow.permissionhandler.PermissionHandlerPlugin:
    public static void registerWith(io.flutter.plugin.common.PluginRegistry$Registrar)
com.baseflow.permissionhandler.PermissionUtils:
    public void <init>()
com.baseflow.permissionhandler.R$attr
com.baseflow.permissionhandler.R$color
com.baseflow.permissionhandler.R$dimen
com.baseflow.permissionhandler.R$drawable
com.baseflow.permissionhandler.R$id
com.baseflow.permissionhandler.R$integer
com.baseflow.permissionhandler.R$layout
com.baseflow.permissionhandler.R$string
com.baseflow.permissionhandler.R$style
com.baseflow.permissionhandler.R$styleable
com.baseflow.permissionhandler.R
com.google.common.util.concurrent.ListenableFuture:
    public abstract void addListener(java.lang.Runnable,java.util.concurrent.Executor)
com.syncfusion.flutter.pdfviewer.BuildConfig
com.syncfusion.flutter.pdfviewer.PdfRunnable:
    public void dispose()
com.syncfusion.flutter.pdfviewer.R$attr
com.syncfusion.flutter.pdfviewer.R$color
com.syncfusion.flutter.pdfviewer.R$dimen
com.syncfusion.flutter.pdfviewer.R$drawable
com.syncfusion.flutter.pdfviewer.R$id
com.syncfusion.flutter.pdfviewer.R$integer
com.syncfusion.flutter.pdfviewer.R$layout
com.syncfusion.flutter.pdfviewer.R$string
com.syncfusion.flutter.pdfviewer.R$style
com.syncfusion.flutter.pdfviewer.R$styleable
com.syncfusion.flutter.pdfviewer.R
com.syncfusion.flutter.pdfviewer.SyncfusionFlutterPdfViewerPlugin:
    public static void registerWith(io.flutter.plugin.common.PluginRegistry$Registrar)
io.flutter.BuildConfig
io.flutter.FlutterInjector$Builder:
    public io.flutter.FlutterInjector$Builder setDeferredComponentManager(io.flutter.embedding.engine.deferredcomponents.DeferredComponentManager)
    public io.flutter.FlutterInjector$Builder setExecutorService(java.util.concurrent.ExecutorService)
    public io.flutter.FlutterInjector$Builder setFlutterJNIFactory(io.flutter.embedding.engine.FlutterJNI$Factory)
    public io.flutter.FlutterInjector$Builder setFlutterLoader(io.flutter.embedding.engine.loader.FlutterLoader)
io.flutter.FlutterInjector:
    public static void reset()
    public static void setInstance(io.flutter.FlutterInjector)
io.flutter.Log:
    public void <init>()
    public static void d(java.lang.String,java.lang.String,java.lang.Throwable)
    public static void i(java.lang.String,java.lang.String,java.lang.Throwable)
    public static void println(int,java.lang.String,java.lang.String)
    public static void setLogLevel(int)
    public static void v(java.lang.String,java.lang.String,java.lang.Throwable)
    public static void wtf(java.lang.String,java.lang.String)
    public static void wtf(java.lang.String,java.lang.String,java.lang.Throwable)
io.flutter.app.FlutterActivity
io.flutter.app.FlutterActivityDelegate$1$1
io.flutter.app.FlutterActivityDelegate$1
io.flutter.app.FlutterActivityDelegate$ViewFactory
io.flutter.app.FlutterActivityDelegate
io.flutter.app.FlutterActivityEvents